<?xml version="1.0" encoding="UTF-8"?>
<!-- Generated by org.testng.reporters.JUnitXMLReporter -->
<testsuite ignored="0" hostname="RHDN06343" failures="0" tests="5" name="Test" time="0.04" errors="0" timestamp="2023-03-24T10:53:38 CET">
  <testcase classname="testNGTryout.day1" name="TC1" time="0.006"/>
  <testcase classname="testNGTryout.day1" name="TC2" time="0.001"/>
  <testcase classname="testNGTryout.day2" name="TC3" time="0.001"/>
  <testcase classname="testNGTryout.day2" name="TC4" time="0.0"/>
  <testcase classname="testNGTryout.day2" name="TC5" time="0.001"/>
</testsuite> <!-- Test -->
