<?xml version="1.0" encoding="UTF-8"?>
<testng-results ignored="5" total="8" passed="3" failed="0" skipped="0">
  <reporter-output>
  </reporter-output>
  <suite started-at="2023-03-24T13:26:09 CET" name="Testsuite" finished-at="2023-03-24T13:26:09 CET" duration-ms="52">
    <groups>
      <group name="Smoke">
        <method signature="day1.TC2()[pri:0, instance:testNGTryout.day1@5fd4f8f5]" name="TC2" class="testNGTryout.day1"/>
        <method signature="day2.TC5()[pri:0, instance:testNGTryout.day2@6631f5ca]" name="TC5" class="testNGTryout.day2"/>
        <method signature="day3.broccoli()[pri:0, instance:testNGTryout.day3@27ff5d15]" name="broccoli" class="testNGTryout.day3"/>
      </group> <!-- Smoke -->
    </groups>
    <test started-at="2023-03-24T13:26:09 CET" name="Regression" finished-at="2023-03-24T13:26:09 CET" duration-ms="52">
      <class name="testNGTryout.day2">
        <test-method signature="TC5()[pri:0, instance:testNGTryout.day2@6631f5ca]" started-at="2023-03-24T13:26:09 CET" name="TC5" finished-at="2023-03-24T13:26:09 CET" duration-ms="1" status="PASS">
          <reporter-output>
          </reporter-output>
        </test-method> <!-- TC5 -->
      </class> <!-- testNGTryout.day2 -->
      <class name="testNGTryout.day3">
        <test-method signature="broccoli()[pri:0, instance:testNGTryout.day3@27ff5d15]" started-at="2023-03-24T13:26:09 CET" name="broccoli" finished-at="2023-03-24T13:26:09 CET" duration-ms="2" status="PASS">
          <reporter-output>
          </reporter-output>
        </test-method> <!-- broccoli -->
      </class> <!-- testNGTryout.day3 -->
      <class name="testNGTryout.day1">
        <test-method signature="TC2()[pri:0, instance:testNGTryout.day1@5fd4f8f5]" started-at="2023-03-24T13:26:09 CET" name="TC2" finished-at="2023-03-24T13:26:09 CET" duration-ms="9" status="PASS">
          <reporter-output>
          </reporter-output>
        </test-method> <!-- TC2 -->
      </class> <!-- testNGTryout.day1 -->
    </test> <!-- Regression -->
  </suite> <!-- Testsuite -->
</testng-results>
