<?xml version="1.0" encoding="UTF-8"?>
<!-- Generated by org.testng.reporters.JUnitXMLReporter -->
<testsuite ignored="1" hostname="RHDN06343" failures="0" tests="2" name="food" time="0.005" errors="0" timestamp="2023-03-24T13:14:54 CET">
  <testcase classname="testNGTryout.day3" name="bean" time="0.001"/>
  <testcase classname="testNGTryout.day3" name="sausage" time="0.0"/>
  <testcase classname="testNGTryout.day3" name="broccoli" time="0.0">
    <ignored/>
  </testcase> <!-- broccoli -->
</testsuite> <!-- food -->
