<?xml version="1.0" encoding="UTF-8"?>
<!-- Generated by org.testng.reporters.JUnitXMLReporter -->
<testsuite ignored="5" hostname="RHDN06343" failures="0" tests="3" name="Regression" time="0.052" errors="0" timestamp="2023-03-24T13:26:09 CET">
  <testcase classname="testNGTryout.day1" name="TC2" time="0.009"/>
  <testcase classname="testNGTryout.day2" name="TC5" time="0.001"/>
  <testcase classname="testNGTryout.day3" name="broccoli" time="0.002"/>
  <testcase classname="testNGTryout.day2" name="TC4" time="0.0">
    <ignored/>
  </testcase> <!-- TC4 -->
  <testcase classname="testNGTryout.day2" name="TC3" time="0.0">
    <ignored/>
  </testcase> <!-- TC3 -->
  <testcase classname="testNGTryout.day1" name="TC1" time="0.0">
    <ignored/>
  </testcase> <!-- TC1 -->
  <testcase classname="testNGTryout.day3" name="sausage" time="0.0">
    <ignored/>
  </testcase> <!-- sausage -->
  <testcase classname="testNGTryout.day3" name="bean" time="0.0">
    <ignored/>
  </testcase> <!-- bean -->
</testsuite> <!-- Regression -->
