<?xml version="1.0" encoding="UTF-8"?>
<!-- Generated by org.testng.reporters.JUnitXMLReporter -->
<testsuite ignored="1" hostname="RHDN06343" failures="0" tests="4" name="Tests" time="0.035" errors="0" timestamp="2023-03-24T13:14:54 CET">
  <testcase classname="testNGTryout.day1" name="TC2" time="0.004"/>
  <testcase classname="testNGTryout.day2" name="TC3" time="0.001"/>
  <testcase classname="testNGTryout.day2" name="TC4" time="0.0"/>
  <testcase classname="testNGTryout.day2" name="TC5" time="0.0"/>
  <testcase classname="testNGTryout.day1" name="TC1" time="0.0">
    <ignored/>
  </testcase> <!-- TC1 -->
</testsuite> <!-- Tests -->
